<?xml version="1.0" encoding="UTF-8"?>
<testng-results ignored="0" total="4" passed="4" failed="0" skipped="0">
  <reporter-output>
  </reporter-output>
  <suite started-at="2021-12-08T15:36:41 IST" name="BrowserStack Test automtion regression suite" finished-at="2021-12-08T15:38:51 IST" duration-ms="130153">
    <groups>
    </groups>
    <test started-at="2021-12-08T15:36:41 IST" name="BrowserStack Test - Chrome" finished-at="2021-12-08T15:38:29 IST" duration-ms="107921">
      <class name="com.mytests.SauceTest">
        <test-method is-config="true" signature="setup(java.lang.String,java.lang.String,java.lang.String,java.lang.String,java.lang.reflect.Method)[pri:0, instance:com.mytests.SauceTest@17f62e33]" started-at="2021-12-08T15:36:41 IST" name="setup" finished-at="2021-12-08T15:36:55 IST" duration-ms="13935" status="PASS">
          <params>
            <param index="0">
              <value>
                <![CDATA[Chrome]]>
              </value>
            </param>
            <param index="1">
              <value>
                <![CDATA[96]]>
              </value>
            </param>
            <param index="2">
              <value>
                <![CDATA[OS X]]>
              </value>
            </param>
            <param index="3">
              <value>
                <![CDATA[Catalina]]>
              </value>
            </param>
            <param index="4">
              <value>
                <![CDATA[public void com.mytests.SauceTest.checkInventoryItemTest()]]>
              </value>
            </param>
          </params>
          <reporter-output>
          </reporter-output>
        </test-method> <!-- setup -->
        <test-method signature="checkInventoryItemTest()[pri:1, instance:com.mytests.SauceTest@17f62e33]" started-at="2021-12-08T15:36:55 IST" name="checkInventoryItemTest" finished-at="2021-12-08T15:36:58 IST" duration-ms="3472" status="PASS">
          <reporter-output>
          </reporter-output>
        </test-method> <!-- checkInventoryItemTest -->
        <test-method is-config="true" signature="setup(java.lang.String,java.lang.String,java.lang.String,java.lang.String,java.lang.reflect.Method)[pri:0, instance:com.mytests.SauceTest@17f62e33]" started-at="2021-12-08T15:36:58 IST" name="setup" finished-at="2021-12-08T15:38:25 IST" duration-ms="87021" status="PASS">
          <params>
            <param index="0">
              <value>
                <![CDATA[Chrome]]>
              </value>
            </param>
            <param index="1">
              <value>
                <![CDATA[96]]>
              </value>
            </param>
            <param index="2">
              <value>
                <![CDATA[OS X]]>
              </value>
            </param>
            <param index="3">
              <value>
                <![CDATA[Catalina]]>
              </value>
            </param>
            <param index="4">
              <value>
                <![CDATA[public void com.mytests.SauceTest.checkAddToCartButtonTest()]]>
              </value>
            </param>
          </params>
          <reporter-output>
          </reporter-output>
        </test-method> <!-- setup -->
        <test-method signature="checkAddToCartButtonTest()[pri:2, instance:com.mytests.SauceTest@17f62e33]" started-at="2021-12-08T15:38:25 IST" name="checkAddToCartButtonTest" finished-at="2021-12-08T15:38:29 IST" duration-ms="3409" status="PASS">
          <reporter-output>
          </reporter-output>
        </test-method> <!-- checkAddToCartButtonTest -->
      </class> <!-- com.mytests.SauceTest -->
    </test> <!-- BrowserStack Test - Chrome -->
    <test started-at="2021-12-08T15:36:41 IST" name="BrowserStack Test - FF" finished-at="2021-12-08T15:38:51 IST" duration-ms="130153">
      <class name="com.mytests.SauceTest">
        <test-method is-config="true" signature="setup(java.lang.String,java.lang.String,java.lang.String,java.lang.String,java.lang.reflect.Method)[pri:0, instance:com.mytests.SauceTest@27462a88]" started-at="2021-12-08T15:36:41 IST" name="setup" finished-at="2021-12-08T15:37:02 IST" duration-ms="21210" status="PASS">
          <params>
            <param index="0">
              <value>
                <![CDATA[Firefox]]>
              </value>
            </param>
            <param index="1">
              <value>
                <![CDATA[94]]>
              </value>
            </param>
            <param index="2">
              <value>
                <![CDATA[Windows]]>
              </value>
            </param>
            <param index="3">
              <value>
                <![CDATA[10]]>
              </value>
            </param>
            <param index="4">
              <value>
                <![CDATA[public void com.mytests.SauceTest.checkInventoryItemTest()]]>
              </value>
            </param>
          </params>
          <reporter-output>
          </reporter-output>
        </test-method> <!-- setup -->
        <test-method signature="checkInventoryItemTest()[pri:1, instance:com.mytests.SauceTest@27462a88]" started-at="2021-12-08T15:37:02 IST" name="checkInventoryItemTest" finished-at="2021-12-08T15:37:06 IST" duration-ms="3634" status="PASS">
          <reporter-output>
          </reporter-output>
        </test-method> <!-- checkInventoryItemTest -->
        <test-method is-config="true" signature="setup(java.lang.String,java.lang.String,java.lang.String,java.lang.String,java.lang.reflect.Method)[pri:0, instance:com.mytests.SauceTest@27462a88]" started-at="2021-12-08T15:37:06 IST" name="setup" finished-at="2021-12-08T15:38:46 IST" duration-ms="100362" status="PASS">
          <params>
            <param index="0">
              <value>
                <![CDATA[Firefox]]>
              </value>
            </param>
            <param index="1">
              <value>
                <![CDATA[94]]>
              </value>
            </param>
            <param index="2">
              <value>
                <![CDATA[Windows]]>
              </value>
            </param>
            <param index="3">
              <value>
                <![CDATA[10]]>
              </value>
            </param>
            <param index="4">
              <value>
                <![CDATA[public void com.mytests.SauceTest.checkAddToCartButtonTest()]]>
              </value>
            </param>
          </params>
          <reporter-output>
          </reporter-output>
        </test-method> <!-- setup -->
        <test-method signature="checkAddToCartButtonTest()[pri:2, instance:com.mytests.SauceTest@27462a88]" started-at="2021-12-08T15:38:46 IST" name="checkAddToCartButtonTest" finished-at="2021-12-08T15:38:51 IST" duration-ms="4885" status="PASS">
          <reporter-output>
          </reporter-output>
        </test-method> <!-- checkAddToCartButtonTest -->
      </class> <!-- com.mytests.SauceTest -->
    </test> <!-- BrowserStack Test - FF -->
  </suite> <!-- BrowserStack Test automtion regression suite -->
</testng-results>
