<?xml version="1.0" encoding="UTF-8"?>
<!-- Generated by org.testng.reporters.JUnitXMLReporter -->
<testsuite ignored="1" hostname="LAPTOP-RTE91USM" failures="0" tests="2" name="Car_loan" time="0.015" errors="0" timestamp="2021-11-08T17:19:39 IST">
  <testcase classname="day1.Module2" name="APILoginCarLoan" time="0.004"/>
  <testcase classname="day1.Module2" name="WebLoginCarLoan" time="0.002"/>
  <testcase classname="day1.Module2" name="MobileLoginCarLoan" time="0.0">
    <ignored/>
  </testcase> <!-- MobileLoginCarLoan -->
</testsuite> <!-- Car_loan -->
