<?xml version="1.0" encoding="UTF-8"?>
<testng-results ignored="0" total="1" passed="1" failed="0" skipped="0">
  <reporter-output>
  </reporter-output>
  <suite started-at="2021-12-02T16:10:43 IST" name="Default suite" finished-at="2021-12-02T16:11:04 IST" duration-ms="20981">
    <groups>
    </groups>
    <test started-at="2021-12-02T16:10:43 IST" name="Default test" finished-at="2021-12-02T16:11:04 IST" duration-ms="20981">
      <class name="HRM.Testcases.Verfy_HRM_Login">
        <test-method signature="verifyValidLogin()[pri:0, instance:HRM.Testcases.Verfy_HRM_Login@22ef9844]" started-at="2021-12-02T16:10:43 IST" name="verifyValidLogin" finished-at="2021-12-02T16:11:04 IST" duration-ms="20863" status="PASS">
          <reporter-output>
          </reporter-output>
        </test-method> <!-- verifyValidLogin -->
      </class> <!-- HRM.Testcases.Verfy_HRM_Login -->
    </test> <!-- Default test -->
  </suite> <!-- Default suite -->
</testng-results>
