<?xml version="1.0" encoding="UTF-8"?>
<!-- Generated by org.testng.reporters.JUnitXMLReporter -->
<testsuite ignored="0" hostname="LAPTOP-RTE91USM" failures="0" tests="3" name="Before Methods" time="0.119" errors="0" timestamp="2021-11-09T17:18:45 IST">
  <testcase classname="com.javatpoint10.After_Method" name="c_programmers" time="0.023"/>
  <testcase classname="com.javatpoint10.After_Method" name="dotnet_developer" time="0.004"/>
  <testcase classname="com.javatpoint10.After_Method" name="java_programmers" time="0.001"/>
</testsuite> <!-- Before Methods -->
