<?xml version="1.0" encoding="UTF-8"?>
<!-- Generated by org.testng.reporters.JUnitXMLReporter -->
<testsuite ignored="0" hostname="LAPTOP-RTE91USM" failures="0" tests="7" name="Before Class" time="0.137" errors="0" timestamp="2021-11-09T16:32:52 IST">
  <testcase classname="com.javatpoint8.Class1" name="testcase1" time="0.012"/>
  <testcase classname="com.javatpoint8.Class1" name="testcase2" time="0.002"/>
  <testcase classname="com.javatpoint8.Class1" name="testcase3" time="0.002"/>
  <testcase classname="com.javatpoint8.Class2" name="testcase1" time="0.005"/>
  <testcase classname="com.javatpoint8.Class2" name="testcase2" time="0.01"/>
  <testcase classname="com.javatpoint8.Class2" name="testcase3" time="0.003"/>
  <testcase classname="com.javatpoint8.Class2" name="testcase4" time="0.005"/>
</testsuite> <!-- Before Class -->
