<?xml version="1.0" encoding="UTF-8"?>
<!-- Generated by org.testng.reporters.JUnitXMLReporter -->
<testsuite ignored="1" hostname="LAPTOP-RTE91USM" failures="0" tests="2" name="Group A" time="0.116" errors="0" timestamp="2021-11-09T10:37:46 IST">
  <testcase classname="com.javatpoint2.Groups" name="testcase1" time="0.018"/>
  <testcase classname="com.javatpoint2.Groups" name="testcase2" time="0.003"/>
  <testcase classname="com.javatpoint2.Groups" name="testcase3" time="0.0">
    <ignored/>
  </testcase> <!-- testcase3 -->
</testsuite> <!-- Group A -->
