<?xml version="1.0" encoding="UTF-8"?>
<!-- Generated by org.testng.reporters.JUnitXMLReporter -->
<testsuite ignored="1" hostname="LAPTOP-RTE91USM" failures="0" tests="2" name="IT Department" time="0.085" errors="0" timestamp="2021-11-09T18:00:06 IST">
  <testcase classname="com.javatpoint11.Class1" name="testcase2" time="0.006"/>
  <testcase classname="com.javatpoint11.Class1" name="testcase3" time="0.002"/>
  <testcase classname="com.javatpoint11.Class1" name="testcase1" time="0.0">
    <ignored/>
  </testcase> <!-- testcase1 -->
</testsuite> <!-- IT Department -->
