<?xml version="1.0" encoding="UTF-8"?>
<!-- Generated by org.testng.reporters.JUnitXMLReporter -->
<testsuite ignored="6" hostname="LAPTOP-RTE91USM" failures="0" tests="3" name="Loan" time="0.146" errors="0" timestamp="2021-11-08T21:32:51 IST">
  <testcase classname="com.javatpoint1.Personal_loan" name="WebLoginPersonalLoan" time="0.022"/>
  <testcase classname="com.javatpoint1.Home_loan" name="MobileLoginHomeLoan" time="0.004"/>
  <testcase classname="com.javatpoint1.Car_loan" name="APILoginCarLoan" time="0.002"/>
  <testcase classname="com.javatpoint1.Car_loan" name="MobileLoginCarLoan" time="0.0">
    <ignored/>
  </testcase> <!-- MobileLoginCarLoan -->
  <testcase classname="com.javatpoint1.Home_loan" name="WebLoginHomeLoan" time="0.0">
    <ignored/>
  </testcase> <!-- WebLoginHomeLoan -->
  <testcase classname="com.javatpoint1.Personal_loan" name="APILoginPersonalLoan" time="0.0">
    <ignored/>
  </testcase> <!-- APILoginPersonalLoan -->
  <testcase classname="com.javatpoint1.Home_loan" name="APILoginHomeLoan" time="0.0">
    <ignored/>
  </testcase> <!-- APILoginHomeLoan -->
  <testcase classname="com.javatpoint1.Personal_loan" name="MobileLoginPersonalLoan" time="0.0">
    <ignored/>
  </testcase> <!-- MobileLoginPersonalLoan -->
  <testcase classname="com.javatpoint1.Car_loan" name="WebLoginCarLoan" time="0.0">
    <ignored/>
  </testcase> <!-- WebLoginCarLoan -->
</testsuite> <!-- Loan -->
