<?xml version="1.0" encoding="UTF-8"?>
<!-- Generated by org.testng.reporters.JUnitXMLReporter -->
<testsuite ignored="1" hostname="LAPTOP-RTE91USM" failures="0" tests="2" name="Software Company" time="0.098" errors="0" timestamp="2021-11-09T22:29:15 IST">
  <testcase classname="groups.Software_Company" name="infosys" time="0.016"/>
  <testcase classname="groups.Software_Company" name="wipro" time="0.002"/>
  <testcase classname="groups.Software_Company" name="technip" time="0.0">
    <ignored/>
  </testcase> <!-- technip -->
</testsuite> <!-- Software Company -->
