<?xml version="1.0" encoding="UTF-8"?>
<!-- Generated by org.testng.reporters.JUnitXMLReporter -->
<testsuite ignored="2" hostname="LAPTOP-RTE91USM" failures="0" tests="3" name="test" time="0.101" errors="0" timestamp="2021-11-09T13:07:47 IST">
  <testcase classname="com.javatpoint.Test1" name="MobileLoginCarLoan" time="0.013"/>
  <testcase classname="com.javatpoint.Test1" name="MobileLoginHomeLoan" time="0.003"/>
  <testcase classname="com.javatpoint.Test1" name="MobileLoginPersonalLoan" time="0.004"/>
  <testcase classname="com.javatpoint.Test1" name="LoginAPICarLoan" time="0.0">
    <ignored/>
  </testcase> <!-- LoginAPICarLoan -->
  <testcase classname="com.javatpoint.Test1" name="WebLoginCarLoan" time="0.0">
    <ignored/>
  </testcase> <!-- WebLoginCarLoan -->
</testsuite> <!-- test -->
