<?xml version="1.0" encoding="UTF-8"?>
<!-- Generated by org.testng.reporters.JUnitXMLReporter -->
<testsuite ignored="0" hostname="LAPTOP-RTE91USM" failures="0" tests="3" name="Testing tools" time="0.127" errors="0" timestamp="2021-11-09T18:06:26 IST">
  <testcase classname="com.javatpoint12.After_groups" name="testcase1" time="0.024"/>
  <testcase classname="com.javatpoint12.After_groups" name="testcase2" time="0.002"/>
  <testcase classname="com.javatpoint12.After_groups" name="testcase3" time="0.004"/>
</testsuite> <!-- Testing tools -->
