<?xml version="1.0" encoding="UTF-8"?>
<!-- Generated by org.testng.reporters.JUnitXMLReporter -->
<testsuite ignored="0" hostname="LAPTOP-RTE91USM" failures="1" tests="3" name="TimeOut Program" time="0.342" errors="0" timestamp="2021-11-09T22:37:16 IST">
  <testcase classname="timeOut.Timeout_program" name="testcaes2" time="0.026"/>
  <testcase classname="timeOut.Timeout_program" name="testcase1" time="0.214">
    <failure type="org.testng.internal.thread.ThreadTimeoutException" message="Method timeOut.Timeout_program.testcase1() didn&amp;apos;t finish within the time-out 200">
      <![CDATA[org.testng.internal.thread.ThreadTimeoutException: Method timeOut.Timeout_program.testcase1() didn't finish within the time-out 200
at java.base/java.util.ArrayList.forEach(ArrayList.java:1511)
... Removed 24 stack frames]]>
    </failure>
  </testcase> <!-- testcase1 -->
  <testcase classname="timeOut.Timeout_program" name="testcase3" time="0.004"/>
</testsuite> <!-- TimeOut Program -->
