<?xml version="1.0" encoding="UTF-8"?>
<testng-results ignored="0" total="1" passed="1" failed="0" skipped="0">
  <reporter-output>
  </reporter-output>
  <suite started-at="2021-11-27T13:39:07 IST" name="Default suite" finished-at="2021-11-27T13:39:21 IST" duration-ms="13972">
    <groups>
    </groups>
    <test started-at="2021-11-27T13:39:07 IST" name="Default test" finished-at="2021-11-27T13:39:21 IST" duration-ms="13972">
      <class name="emailVerify.LoginUsingSelenium">
        <test-method signature="login()[pri:0, instance:emailVerify.LoginUsingSelenium@2b48a640]" started-at="2021-11-27T13:39:07 IST" name="login" finished-at="2021-11-27T13:39:21 IST" duration-ms="13899" status="PASS">
          <reporter-output>
          </reporter-output>
        </test-method> <!-- login -->
      </class> <!-- emailVerify.LoginUsingSelenium -->
    </test> <!-- Default test -->
  </suite> <!-- Default suite -->
</testng-results>
