<?xml version="1.0" encoding="UTF-8"?>
<!-- Generated by org.testng.reporters.JUnitXMLReporter -->
<testsuite ignored="0" hostname="LAPTOP-RTE91USM" failures="0" tests="2" name="BrowserStack Test - Chrome" time="107.921" errors="0" timestamp="2021-12-08T15:38:29 IST">
  <testcase classname="com.mytests.SauceTest" name="checkInventoryItemTest" time="3.472"/>
  <testcase classname="com.mytests.SauceTest" name="checkAddToCartButtonTest" time="3.409"/>
</testsuite> <!-- BrowserStack Test - Chrome -->
