<?xml version="1.0" encoding="UTF-8"?>
<testng-results ignored="0" total="1" passed="1" failed="0" skipped="0">
  <reporter-output>
  </reporter-output>
  <suite started-at="2021-12-02T22:26:23 IST" name="Default suite" finished-at="2021-12-02T22:26:57 IST" duration-ms="34432">
    <groups>
    </groups>
    <test started-at="2021-12-02T22:26:23 IST" name="Default test" finished-at="2021-12-02T22:26:57 IST" duration-ms="34432">
      <class name="HRM.Testcases.Verify_valid_login">
        <test-method signature="checkvalidUser()[pri:0, instance:HRM.Testcases.Verify_valid_login@169e6180]" started-at="2021-12-02T22:26:23 IST" name="checkvalidUser" finished-at="2021-12-02T22:26:57 IST" duration-ms="34333" status="PASS">
          <reporter-output>
          </reporter-output>
        </test-method> <!-- checkvalidUser -->
      </class> <!-- HRM.Testcases.Verify_valid_login -->
    </test> <!-- Default test -->
  </suite> <!-- Default suite -->
</testng-results>
