<?xml version="1.0" encoding="UTF-8"?>
<!-- Generated by org.testng.reporters.JUnitXMLReporter -->
<testsuite ignored="0" hostname="LAPTOP-RTE91USM" failures="0" tests="2" name="BrowserStack Test - Chrome" time="110.564" errors="0" timestamp="2021-12-08T16:06:38 IST">
  <testcase classname="com.mytests.SauceTest" name="checkInventoryItemTest" time="5.448"/>
  <testcase classname="com.mytests.SauceTest" name="checkAddToCartButtonTest" time="3.849"/>
</testsuite> <!-- BrowserStack Test - Chrome -->
