<?xml version="1.0" encoding="UTF-8"?>
<testng-results ignored="0" total="1" passed="1" failed="0" skipped="0">
  <reporter-output>
  </reporter-output>
  <suite started-at="2021-11-23T17:40:51 IST" name="Default suite" finished-at="2021-11-23T17:40:56 IST" duration-ms="4249">
    <groups>
    </groups>
    <test started-at="2021-11-23T17:40:51 IST" name="Default test" finished-at="2021-11-23T17:40:56 IST" duration-ms="4249">
      <class name="PdfReaderTest">
        <test-method signature="readPDFTest()[pri:0, instance:PdfReaderTest@6babf3bf]" started-at="2021-11-23T17:40:51 IST" name="readPDFTest" finished-at="2021-11-23T17:40:56 IST" duration-ms="4179" status="PASS">
          <reporter-output>
          </reporter-output>
        </test-method> <!-- readPDFTest -->
      </class> <!-- PdfReaderTest -->
    </test> <!-- Default test -->
  </suite> <!-- Default suite -->
</testng-results>
