<?xml version="1.0" encoding="UTF-8"?>
<testng-results ignored="0" total="2" passed="2" failed="0" skipped="0">
  <reporter-output>
  </reporter-output>
  <suite started-at="2021-11-23T12:00:15 IST" name="Default suite" finished-at="2021-11-23T12:00:55 IST" duration-ms="39693">
    <groups>
    </groups>
    <test started-at="2021-11-23T12:00:15 IST" name="Default test" finished-at="2021-11-23T12:00:55 IST" duration-ms="39693">
      <class name="testng.Saucedemo">
        <test-method is-config="true" signature="setUp()[pri:0, instance:testng.Saucedemo@383bfa16]" started-at="2021-11-23T12:00:15 IST" name="setUp" finished-at="2021-11-23T12:00:26 IST" duration-ms="10372" status="PASS">
          <reporter-output>
          </reporter-output>
        </test-method> <!-- setUp -->
        <test-method signature="launch()[pri:0, instance:testng.Saucedemo@383bfa16]" started-at="2021-11-23T12:00:26 IST" name="launch" finished-at="2021-11-23T12:00:51 IST" duration-ms="24818" status="PASS">
          <reporter-output>
          </reporter-output>
        </test-method> <!-- launch -->
        <test-method is-config="true" signature="setUp()[pri:0, instance:testng.Saucedemo@383bfa16]" started-at="2021-11-23T12:00:51 IST" name="setUp" finished-at="2021-11-23T12:00:55 IST" duration-ms="4089" status="PASS">
          <reporter-output>
          </reporter-output>
        </test-method> <!-- setUp -->
        <test-method signature="termination()[pri:3, instance:testng.Saucedemo@383bfa16]" started-at="2021-11-23T12:00:55 IST" name="termination" finished-at="2021-11-23T12:00:55 IST" duration-ms="331" status="PASS">
          <reporter-output>
          </reporter-output>
        </test-method> <!-- termination -->
      </class> <!-- testng.Saucedemo -->
    </test> <!-- Default test -->
  </suite> <!-- Default suite -->
</testng-results>
